<?xml version="1.0" encoding="UTF-8"?>
<testng-results ignored="0" total="5" passed="1" failed="4" skipped="0">
  <reporter-output>
    <line>
      <![CDATA[After all executed]]>
    </line>
  </reporter-output>
  <suite started-at="2025-10-24T10:44:23 IST" name="Default suite" finished-at="2025-10-24T10:44:56 IST" duration-ms="33335">
    <groups>
      <group name="cucumber">
        <method signature="AbstractTestNGCucumberTests.runScenario(io.cucumber.testng.PickleWrapper,io.cucumber.testng.FeatureWrapper)[pri:0, instance:runner.RunnerClass@48e1f6c7]" name="runScenario" class="io.cucumber.testng.AbstractTestNGCucumberTests"/>
      </group> <!-- cucumber -->
    </groups>
    <test started-at="2025-10-24T10:44:23 IST" name="Default test" finished-at="2025-10-24T10:44:56 IST" duration-ms="33335">
      <class name="runner.RunnerClass">
        <test-method is-config="true" signature="setUpClass(org.testng.ITestContext)[pri:0, instance:runner.RunnerClass@48e1f6c7]" started-at="2025-10-24T10:44:23 IST" name="setUpClass" finished-at="2025-10-24T10:44:24 IST" duration-ms="610" status="PASS">
          <params>
            <param index="0">
              <value>
                <![CDATA[org.testng.TestRunner@6034e75d]]>
              </value>
            </param>
          </params>
          <reporter-output>
          </reporter-output>
        </test-method> <!-- setUpClass -->
        <test-method signature="runScenario(io.cucumber.testng.PickleWrapper,io.cucumber.testng.FeatureWrapper)[pri:0, instance:runner.RunnerClass@48e1f6c7]" started-at="2025-10-24T10:44:24 IST" name="runScenario" description="Runs Cucumber Scenarios" data-provider="scenarios" finished-at="2025-10-24T10:44:50 IST" duration-ms="26143" status="FAIL">
          <params>
            <param index="0">
              <value>
                <![CDATA[""]]>
              </value>
            </param>
            <param index="1">
              <value>
                <![CDATA["Login to the application"]]>
              </value>
            </param>
          </params>
          <exception class="org.openqa.selenium.ElementClickInterceptedException">
            <message>
              <![CDATA[element click intercepted: Element <button class="MuiButtonBase-root MuiButton-root MuiButton-contained" tabindex="0" type="submit" id="Login" name="Login" style="width: 100%; margin: 0.7rem auto; background: rgb(255, 184, 0); font-weight: 600; color: rgb(239, 239, 239);">...</button> is not clickable at point (807, 323). Other element would receive the click: <div></div>
  (Session info: chrome=141.0.7390.122)
Build info: version: '4.34.0', revision: '707dcb4246*'
System info: os.name: 'Windows 11', os.arch: 'amd64', os.version: '10.0', java.version: '22.0.2'
Driver info: org.openqa.selenium.chrome.ChromeDriver
Command: [5fd74820a219694cdd06bbe7b8988c61, clickElement {id=f.68972EC3E6493C5BB232B43C8FEEE684.d.C47EF599EA81A5D5FCF608151FC9A732.e.8}]
Capabilities {acceptInsecureCerts: false, browserName: chrome, browserVersion: 141.0.7390.122, chrome: {chromedriverVersion: 141.0.7390.122 (b477534e7e1..., userDataDir: C:\Users\DELL\AppData\Local...}, fedcm:accounts: true, goog:chromeOptions: {debuggerAddress: localhost:57618}, networkConnectionEnabled: false, pageLoadStrategy: normal, platformName: windows, proxy: Proxy(), se:cdp: ws://localhost:57618/devtoo..., se:cdpVersion: 141.0.7390.122, setWindowRect: true, strictFileInteractability: false, timeouts: {implicit: 0, pageLoad: 300000, script: 30000}, unhandledPromptBehavior: dismiss and notify, webauthn:extension:credBlob: true, webauthn:extension:largeBlob: true, webauthn:extension:minPinLength: true, webauthn:extension:prf: true, webauthn:virtualAuthenticators: true}
Element: [[ChromeDriver: chrome on windows (5fd74820a219694cdd06bbe7b8988c61)] -> id: Login]
Session ID: 5fd74820a219694cdd06bbe7b8988c61]]>
            </message>
            <full-stacktrace>
              <![CDATA[org.openqa.selenium.ElementClickInterceptedException: element click intercepted: Element <button class="MuiButtonBase-root MuiButton-root MuiButton-contained" tabindex="0" type="submit" id="Login" name="Login" style="width: 100%; margin: 0.7rem auto; background: rgb(255, 184, 0); font-weight: 600; color: rgb(239, 239, 239);">...</button> is not clickable at point (807, 323). Other element would receive the click: <div></div>
  (Session info: chrome=141.0.7390.122)
Build info: version: '4.34.0', revision: '707dcb4246*'
System info: os.name: 'Windows 11', os.arch: 'amd64', os.version: '10.0', java.version: '22.0.2'
Driver info: org.openqa.selenium.chrome.ChromeDriver
Command: [5fd74820a219694cdd06bbe7b8988c61, clickElement {id=f.68972EC3E6493C5BB232B43C8FEEE684.d.C47EF599EA81A5D5FCF608151FC9A732.e.8}]
Capabilities {acceptInsecureCerts: false, browserName: chrome, browserVersion: 141.0.7390.122, chrome: {chromedriverVersion: 141.0.7390.122 (b477534e7e1..., userDataDir: C:\Users\DELL\AppData\Local...}, fedcm:accounts: true, goog:chromeOptions: {debuggerAddress: localhost:57618}, networkConnectionEnabled: false, pageLoadStrategy: normal, platformName: windows, proxy: Proxy(), se:cdp: ws://localhost:57618/devtoo..., se:cdpVersion: 141.0.7390.122, setWindowRect: true, strictFileInteractability: false, timeouts: {implicit: 0, pageLoad: 300000, script: 30000}, unhandledPromptBehavior: dismiss and notify, webauthn:extension:credBlob: true, webauthn:extension:largeBlob: true, webauthn:extension:minPinLength: true, webauthn:extension:prf: true, webauthn:virtualAuthenticators: true}
Element: [[ChromeDriver: chrome on windows (5fd74820a219694cdd06bbe7b8988c61)] -> id: Login]
Session ID: 5fd74820a219694cdd06bbe7b8988c61
at java.base/jdk.internal.reflect.DirectConstructorHandleAccessor.newInstance(DirectConstructorHandleAccessor.java:62)
at java.base/java.lang.reflect.Constructor.newInstanceWithCaller(Constructor.java:502)
at java.base/java.lang.reflect.Constructor.newInstance(Constructor.java:486)
at org.openqa.selenium.remote.ErrorCodec.decode(ErrorCodec.java:167)
at org.openqa.selenium.remote.codec.w3c.W3CHttpResponseCodec.decode(W3CHttpResponseCodec.java:138)
at org.openqa.selenium.remote.codec.w3c.W3CHttpResponseCodec.decode(W3CHttpResponseCodec.java:50)
at org.openqa.selenium.remote.HttpCommandExecutor.execute(HttpCommandExecutor.java:215)
at org.openqa.selenium.remote.service.DriverCommandExecutor.invokeExecute(DriverCommandExecutor.java:216)
at org.openqa.selenium.remote.service.DriverCommandExecutor.execute(DriverCommandExecutor.java:174)
at org.openqa.selenium.remote.RemoteWebDriver.execute(RemoteWebDriver.java:544)
at org.openqa.selenium.remote.RemoteWebElement.execute(RemoteWebElement.java:223)
at org.openqa.selenium.remote.RemoteWebElement.click(RemoteWebElement.java:76)
at CucumberPractice.LoginTest.click_on_enter(LoginTest.java:47)
at ✽.Click on enter(file:///D:/kalyan/CucumberFramework/./src/test/resources/Features/Search.feature:14)
]]>
            </full-stacktrace>
          </exception> <!-- org.openqa.selenium.ElementClickInterceptedException -->
          <reporter-output>
          </reporter-output>
        </test-method> <!-- runScenario -->
        <test-method signature="runScenario(io.cucumber.testng.PickleWrapper,io.cucumber.testng.FeatureWrapper)[pri:0, instance:runner.RunnerClass@48e1f6c7]" started-at="2025-10-24T10:44:24 IST" name="runScenario" description="Runs Cucumber Scenarios" data-provider="scenarios" finished-at="2025-10-24T10:44:49 IST" duration-ms="24965" status="PASS">
          <params>
            <param index="0">
              <value>
                <![CDATA[""]]>
              </value>
            </param>
            <param index="1">
              <value>
                <![CDATA["Test"]]>
              </value>
            </param>
          </params>
          <reporter-output>
          </reporter-output>
        </test-method> <!-- runScenario -->
        <test-method signature="runScenario(io.cucumber.testng.PickleWrapper,io.cucumber.testng.FeatureWrapper)[pri:0, instance:runner.RunnerClass@48e1f6c7]" started-at="2025-10-24T10:44:24 IST" name="runScenario" description="Runs Cucumber Scenarios" data-provider="scenarios" finished-at="2025-10-24T10:44:56 IST" duration-ms="32657" status="FAIL">
          <params>
            <param index="0">
              <value>
                <![CDATA[""]]>
              </value>
            </param>
            <param index="1">
              <value>
                <![CDATA["Login to the application"]]>
              </value>
            </param>
          </params>
          <exception class="org.openqa.selenium.ElementClickInterceptedException">
            <message>
              <![CDATA[element click intercepted: Element <button class="MuiButtonBase-root MuiButton-root MuiButton-contained" tabindex="0" type="submit" id="Login" name="Login" style="width: 100%; margin: 0.7rem auto; background: rgb(255, 184, 0); font-weight: 600; color: rgb(239, 239, 239);">...</button> is not clickable at point (807, 323). Other element would receive the click: <div></div>
  (Session info: chrome=141.0.7390.122)
Build info: version: '4.34.0', revision: '707dcb4246*'
System info: os.name: 'Windows 11', os.arch: 'amd64', os.version: '10.0', java.version: '22.0.2'
Driver info: org.openqa.selenium.chrome.ChromeDriver
Command: [9016b483f88c9ee2b920f00379cc7ea8, clickElement {id=f.74B46A668508A115033C8E525F36CF54.d.4D2E19E9F55F92C8EAEA4C84D667C414.e.24}]
Capabilities {acceptInsecureCerts: false, browserName: chrome, browserVersion: 141.0.7390.122, chrome: {chromedriverVersion: 141.0.7390.122 (b477534e7e1..., userDataDir: C:\Users\DELL\AppData\Local...}, fedcm:accounts: true, goog:chromeOptions: {debuggerAddress: localhost:61974}, networkConnectionEnabled: false, pageLoadStrategy: normal, platformName: windows, proxy: Proxy(), se:cdp: ws://localhost:61974/devtoo..., se:cdpVersion: 141.0.7390.122, setWindowRect: true, strictFileInteractability: false, timeouts: {implicit: 0, pageLoad: 300000, script: 30000}, unhandledPromptBehavior: dismiss and notify, webauthn:extension:credBlob: true, webauthn:extension:largeBlob: true, webauthn:extension:minPinLength: true, webauthn:extension:prf: true, webauthn:virtualAuthenticators: true}
Element: [[ChromeDriver: chrome on windows (9016b483f88c9ee2b920f00379cc7ea8)] -> id: Login]
Session ID: 9016b483f88c9ee2b920f00379cc7ea8]]>
            </message>
            <full-stacktrace>
              <![CDATA[org.openqa.selenium.ElementClickInterceptedException: element click intercepted: Element <button class="MuiButtonBase-root MuiButton-root MuiButton-contained" tabindex="0" type="submit" id="Login" name="Login" style="width: 100%; margin: 0.7rem auto; background: rgb(255, 184, 0); font-weight: 600; color: rgb(239, 239, 239);">...</button> is not clickable at point (807, 323). Other element would receive the click: <div></div>
  (Session info: chrome=141.0.7390.122)
Build info: version: '4.34.0', revision: '707dcb4246*'
System info: os.name: 'Windows 11', os.arch: 'amd64', os.version: '10.0', java.version: '22.0.2'
Driver info: org.openqa.selenium.chrome.ChromeDriver
Command: [9016b483f88c9ee2b920f00379cc7ea8, clickElement {id=f.74B46A668508A115033C8E525F36CF54.d.4D2E19E9F55F92C8EAEA4C84D667C414.e.24}]
Capabilities {acceptInsecureCerts: false, browserName: chrome, browserVersion: 141.0.7390.122, chrome: {chromedriverVersion: 141.0.7390.122 (b477534e7e1..., userDataDir: C:\Users\DELL\AppData\Local...}, fedcm:accounts: true, goog:chromeOptions: {debuggerAddress: localhost:61974}, networkConnectionEnabled: false, pageLoadStrategy: normal, platformName: windows, proxy: Proxy(), se:cdp: ws://localhost:61974/devtoo..., se:cdpVersion: 141.0.7390.122, setWindowRect: true, strictFileInteractability: false, timeouts: {implicit: 0, pageLoad: 300000, script: 30000}, unhandledPromptBehavior: dismiss and notify, webauthn:extension:credBlob: true, webauthn:extension:largeBlob: true, webauthn:extension:minPinLength: true, webauthn:extension:prf: true, webauthn:virtualAuthenticators: true}
Element: [[ChromeDriver: chrome on windows (9016b483f88c9ee2b920f00379cc7ea8)] -> id: Login]
Session ID: 9016b483f88c9ee2b920f00379cc7ea8
at java.base/jdk.internal.reflect.DirectConstructorHandleAccessor.newInstance(DirectConstructorHandleAccessor.java:62)
at java.base/java.lang.reflect.Constructor.newInstanceWithCaller(Constructor.java:502)
at java.base/java.lang.reflect.Constructor.newInstance(Constructor.java:486)
at org.openqa.selenium.remote.ErrorCodec.decode(ErrorCodec.java:167)
at org.openqa.selenium.remote.codec.w3c.W3CHttpResponseCodec.decode(W3CHttpResponseCodec.java:138)
at org.openqa.selenium.remote.codec.w3c.W3CHttpResponseCodec.decode(W3CHttpResponseCodec.java:50)
at org.openqa.selenium.remote.HttpCommandExecutor.execute(HttpCommandExecutor.java:215)
at org.openqa.selenium.remote.service.DriverCommandExecutor.invokeExecute(DriverCommandExecutor.java:216)
at org.openqa.selenium.remote.service.DriverCommandExecutor.execute(DriverCommandExecutor.java:174)
at org.openqa.selenium.remote.RemoteWebDriver.execute(RemoteWebDriver.java:544)
at org.openqa.selenium.remote.RemoteWebElement.execute(RemoteWebElement.java:223)
at org.openqa.selenium.remote.RemoteWebElement.click(RemoteWebElement.java:76)
at CucumberPractice.LoginTest.click_on_enter(LoginTest.java:47)
at ✽.Click on enter(file:///D:/kalyan/CucumberFramework/./src/test/resources/Features/Search.feature:14)
]]>
            </full-stacktrace>
          </exception> <!-- org.openqa.selenium.ElementClickInterceptedException -->
          <reporter-output>
          </reporter-output>
        </test-method> <!-- runScenario -->
        <test-method signature="runScenario(io.cucumber.testng.PickleWrapper,io.cucumber.testng.FeatureWrapper)[pri:0, instance:runner.RunnerClass@48e1f6c7]" started-at="2025-10-24T10:44:24 IST" name="runScenario" description="Runs Cucumber Scenarios" data-provider="scenarios" finished-at="2025-10-24T10:44:53 IST" duration-ms="29072" status="FAIL">
          <params>
            <param index="0">
              <value>
                <![CDATA[""]]>
              </value>
            </param>
            <param index="1">
              <value>
                <![CDATA["Login to the application"]]>
              </value>
            </param>
          </params>
          <exception class="org.openqa.selenium.ElementClickInterceptedException">
            <message>
              <![CDATA[element click intercepted: Element <button class="MuiButtonBase-root MuiButton-root MuiButton-contained" tabindex="0" type="submit" id="Login" name="Login" style="width: 100%; margin: 0.7rem auto; background: rgb(255, 184, 0); font-weight: 600; color: rgb(239, 239, 239);">...</button> is not clickable at point (807, 323). Other element would receive the click: <div></div>
  (Session info: chrome=141.0.7390.122)
Build info: version: '4.34.0', revision: '707dcb4246*'
System info: os.name: 'Windows 11', os.arch: 'amd64', os.version: '10.0', java.version: '22.0.2'
Driver info: org.openqa.selenium.chrome.ChromeDriver
Command: [c45e47fcf54446c4158fc8f1bf32b649, clickElement {id=f.15BDC4D70AB48CDD4EE748AA124E1944.d.7182866C52863E3A449DCD88067C7A62.e.9}]
Capabilities {acceptInsecureCerts: false, browserName: chrome, browserVersion: 141.0.7390.122, chrome: {chromedriverVersion: 141.0.7390.122 (b477534e7e1..., userDataDir: C:\Users\DELL\AppData\Local...}, fedcm:accounts: true, goog:chromeOptions: {debuggerAddress: localhost:57617}, networkConnectionEnabled: false, pageLoadStrategy: normal, platformName: windows, proxy: Proxy(), se:cdp: ws://localhost:57617/devtoo..., se:cdpVersion: 141.0.7390.122, setWindowRect: true, strictFileInteractability: false, timeouts: {implicit: 0, pageLoad: 300000, script: 30000}, unhandledPromptBehavior: dismiss and notify, webauthn:extension:credBlob: true, webauthn:extension:largeBlob: true, webauthn:extension:minPinLength: true, webauthn:extension:prf: true, webauthn:virtualAuthenticators: true}
Element: [[ChromeDriver: chrome on windows (c45e47fcf54446c4158fc8f1bf32b649)] -> id: Login]
Session ID: c45e47fcf54446c4158fc8f1bf32b649]]>
            </message>
            <full-stacktrace>
              <![CDATA[org.openqa.selenium.ElementClickInterceptedException: element click intercepted: Element <button class="MuiButtonBase-root MuiButton-root MuiButton-contained" tabindex="0" type="submit" id="Login" name="Login" style="width: 100%; margin: 0.7rem auto; background: rgb(255, 184, 0); font-weight: 600; color: rgb(239, 239, 239);">...</button> is not clickable at point (807, 323). Other element would receive the click: <div></div>
  (Session info: chrome=141.0.7390.122)
Build info: version: '4.34.0', revision: '707dcb4246*'
System info: os.name: 'Windows 11', os.arch: 'amd64', os.version: '10.0', java.version: '22.0.2'
Driver info: org.openqa.selenium.chrome.ChromeDriver
Command: [c45e47fcf54446c4158fc8f1bf32b649, clickElement {id=f.15BDC4D70AB48CDD4EE748AA124E1944.d.7182866C52863E3A449DCD88067C7A62.e.9}]
Capabilities {acceptInsecureCerts: false, browserName: chrome, browserVersion: 141.0.7390.122, chrome: {chromedriverVersion: 141.0.7390.122 (b477534e7e1..., userDataDir: C:\Users\DELL\AppData\Local...}, fedcm:accounts: true, goog:chromeOptions: {debuggerAddress: localhost:57617}, networkConnectionEnabled: false, pageLoadStrategy: normal, platformName: windows, proxy: Proxy(), se:cdp: ws://localhost:57617/devtoo..., se:cdpVersion: 141.0.7390.122, setWindowRect: true, strictFileInteractability: false, timeouts: {implicit: 0, pageLoad: 300000, script: 30000}, unhandledPromptBehavior: dismiss and notify, webauthn:extension:credBlob: true, webauthn:extension:largeBlob: true, webauthn:extension:minPinLength: true, webauthn:extension:prf: true, webauthn:virtualAuthenticators: true}
Element: [[ChromeDriver: chrome on windows (c45e47fcf54446c4158fc8f1bf32b649)] -> id: Login]
Session ID: c45e47fcf54446c4158fc8f1bf32b649
at java.base/jdk.internal.reflect.DirectConstructorHandleAccessor.newInstance(DirectConstructorHandleAccessor.java:62)
at java.base/java.lang.reflect.Constructor.newInstanceWithCaller(Constructor.java:502)
at java.base/java.lang.reflect.Constructor.newInstance(Constructor.java:486)
at org.openqa.selenium.remote.ErrorCodec.decode(ErrorCodec.java:167)
at org.openqa.selenium.remote.codec.w3c.W3CHttpResponseCodec.decode(W3CHttpResponseCodec.java:138)
at org.openqa.selenium.remote.codec.w3c.W3CHttpResponseCodec.decode(W3CHttpResponseCodec.java:50)
at org.openqa.selenium.remote.HttpCommandExecutor.execute(HttpCommandExecutor.java:215)
at org.openqa.selenium.remote.service.DriverCommandExecutor.invokeExecute(DriverCommandExecutor.java:216)
at org.openqa.selenium.remote.service.DriverCommandExecutor.execute(DriverCommandExecutor.java:174)
at org.openqa.selenium.remote.RemoteWebDriver.execute(RemoteWebDriver.java:544)
at org.openqa.selenium.remote.RemoteWebElement.execute(RemoteWebElement.java:223)
at org.openqa.selenium.remote.RemoteWebElement.click(RemoteWebElement.java:76)
at CucumberPractice.LoginTest.click_on_enter(LoginTest.java:47)
at ✽.Click on enter(file:///D:/kalyan/CucumberFramework/./src/test/resources/Features/Search.feature:14)
]]>
            </full-stacktrace>
          </exception> <!-- org.openqa.selenium.ElementClickInterceptedException -->
          <reporter-output>
          </reporter-output>
        </test-method> <!-- runScenario -->
        <test-method signature="runScenario(io.cucumber.testng.PickleWrapper,io.cucumber.testng.FeatureWrapper)[pri:0, instance:runner.RunnerClass@48e1f6c7]" started-at="2025-10-24T10:44:24 IST" name="runScenario" description="Runs Cucumber Scenarios" data-provider="scenarios" finished-at="2025-10-24T10:44:49 IST" duration-ms="25243" status="FAIL">
          <params>
            <param index="0">
              <value>
                <![CDATA["User should able to login with"]]>
              </value>
            </param>
            <param index="1">
              <value>
                <![CDATA["Login to the application"]]>
              </value>
            </param>
          </params>
          <exception class="org.openqa.selenium.ElementClickInterceptedException">
            <message>
              <![CDATA[element click intercepted: Element <button class="MuiButtonBase-root MuiButton-root MuiButton-contained" tabindex="0" type="submit" id="Login" name="Login" style="width: 100%; margin: 0.7rem auto; background: rgb(255, 184, 0); font-weight: 600; color: rgb(239, 239, 239);">...</button> is not clickable at point (807, 323). Other element would receive the click: <div></div>
  (Session info: chrome=141.0.7390.122)
Build info: version: '4.34.0', revision: '707dcb4246*'
System info: os.name: 'Windows 11', os.arch: 'amd64', os.version: '10.0', java.version: '22.0.2'
Driver info: org.openqa.selenium.chrome.ChromeDriver
Command: [87de10abd806dddbbdd3916dd28f77b1, clickElement {id=f.953E79C28F780EF581A66D831383F6F2.d.FF2642FFF5D3CCD66CF4C389AB124029.e.8}]
Capabilities {acceptInsecureCerts: false, browserName: chrome, browserVersion: 141.0.7390.122, chrome: {chromedriverVersion: 141.0.7390.122 (b477534e7e1..., userDataDir: C:\Users\DELL\AppData\Local...}, fedcm:accounts: true, goog:chromeOptions: {debuggerAddress: localhost:57615}, networkConnectionEnabled: false, pageLoadStrategy: normal, platformName: windows, proxy: Proxy(), se:cdp: ws://localhost:57615/devtoo..., se:cdpVersion: 141.0.7390.122, setWindowRect: true, strictFileInteractability: false, timeouts: {implicit: 0, pageLoad: 300000, script: 30000}, unhandledPromptBehavior: dismiss and notify, webauthn:extension:credBlob: true, webauthn:extension:largeBlob: true, webauthn:extension:minPinLength: true, webauthn:extension:prf: true, webauthn:virtualAuthenticators: true}
Element: [[ChromeDriver: chrome on windows (87de10abd806dddbbdd3916dd28f77b1)] -> id: Login]
Session ID: 87de10abd806dddbbdd3916dd28f77b1]]>
            </message>
            <full-stacktrace>
              <![CDATA[org.openqa.selenium.ElementClickInterceptedException: element click intercepted: Element <button class="MuiButtonBase-root MuiButton-root MuiButton-contained" tabindex="0" type="submit" id="Login" name="Login" style="width: 100%; margin: 0.7rem auto; background: rgb(255, 184, 0); font-weight: 600; color: rgb(239, 239, 239);">...</button> is not clickable at point (807, 323). Other element would receive the click: <div></div>
  (Session info: chrome=141.0.7390.122)
Build info: version: '4.34.0', revision: '707dcb4246*'
System info: os.name: 'Windows 11', os.arch: 'amd64', os.version: '10.0', java.version: '22.0.2'
Driver info: org.openqa.selenium.chrome.ChromeDriver
Command: [87de10abd806dddbbdd3916dd28f77b1, clickElement {id=f.953E79C28F780EF581A66D831383F6F2.d.FF2642FFF5D3CCD66CF4C389AB124029.e.8}]
Capabilities {acceptInsecureCerts: false, browserName: chrome, browserVersion: 141.0.7390.122, chrome: {chromedriverVersion: 141.0.7390.122 (b477534e7e1..., userDataDir: C:\Users\DELL\AppData\Local...}, fedcm:accounts: true, goog:chromeOptions: {debuggerAddress: localhost:57615}, networkConnectionEnabled: false, pageLoadStrategy: normal, platformName: windows, proxy: Proxy(), se:cdp: ws://localhost:57615/devtoo..., se:cdpVersion: 141.0.7390.122, setWindowRect: true, strictFileInteractability: false, timeouts: {implicit: 0, pageLoad: 300000, script: 30000}, unhandledPromptBehavior: dismiss and notify, webauthn:extension:credBlob: true, webauthn:extension:largeBlob: true, webauthn:extension:minPinLength: true, webauthn:extension:prf: true, webauthn:virtualAuthenticators: true}
Element: [[ChromeDriver: chrome on windows (87de10abd806dddbbdd3916dd28f77b1)] -> id: Login]
Session ID: 87de10abd806dddbbdd3916dd28f77b1
at java.base/jdk.internal.reflect.DirectConstructorHandleAccessor.newInstance(DirectConstructorHandleAccessor.java:62)
at java.base/java.lang.reflect.Constructor.newInstanceWithCaller(Constructor.java:502)
at java.base/java.lang.reflect.Constructor.newInstance(Constructor.java:486)
at org.openqa.selenium.remote.ErrorCodec.decode(ErrorCodec.java:167)
at org.openqa.selenium.remote.codec.w3c.W3CHttpResponseCodec.decode(W3CHttpResponseCodec.java:138)
at org.openqa.selenium.remote.codec.w3c.W3CHttpResponseCodec.decode(W3CHttpResponseCodec.java:50)
at org.openqa.selenium.remote.HttpCommandExecutor.execute(HttpCommandExecutor.java:215)
at org.openqa.selenium.remote.service.DriverCommandExecutor.invokeExecute(DriverCommandExecutor.java:216)
at org.openqa.selenium.remote.service.DriverCommandExecutor.execute(DriverCommandExecutor.java:174)
at org.openqa.selenium.remote.RemoteWebDriver.execute(RemoteWebDriver.java:544)
at org.openqa.selenium.remote.RemoteWebElement.execute(RemoteWebElement.java:223)
at org.openqa.selenium.remote.RemoteWebElement.click(RemoteWebElement.java:76)
at CucumberPractice.LoginTest.click_on_enter(LoginTest.java:47)
at ✽.Click on enter(file:///D:/kalyan/CucumberFramework/./src/test/resources/Features/login.feature:13)
]]>
            </full-stacktrace>
          </exception> <!-- org.openqa.selenium.ElementClickInterceptedException -->
          <reporter-output>
          </reporter-output>
        </test-method> <!-- runScenario -->
        <test-method is-config="true" signature="tearDownClass()[pri:0, instance:runner.RunnerClass@48e1f6c7]" started-at="2025-10-24T10:44:56 IST" name="tearDownClass" finished-at="2025-10-24T10:44:56 IST" duration-ms="16" status="PASS">
          <reporter-output>
            <line>
              <![CDATA[After all executed]]>
            </line>
          </reporter-output>
        </test-method> <!-- tearDownClass -->
      </class> <!-- runner.RunnerClass -->
    </test> <!-- Default test -->
  </suite> <!-- Default suite -->
</testng-results>
